Info: Starting: Create block symbol file (.bsf)
Info: qsys-generate C:\Users\sutanto4\Desktop\ECE385\Lab7\lab62_soc.qsys --block-symbol-file --output-directory=C:\Users\sutanto4\Desktop\ECE385\Lab7\lab62_soc --family="MAX 10" --part=10M50DAF484C7G
Progress: Loading Lab7/lab62_soc.qsys
Progress: Reading input file
Progress: Adding VGA_text_mode_controller_0 [VGA_text_mode_controller 1.0]
Progress: Parameterizing module VGA_text_mode_controller_0
Progress: Adding clk_0 [clock_source 18.1]
Progress: Parameterizing module clk_0
Progress: Adding hex_digits_pio [altera_avalon_pio 18.1]
Progress: Parameterizing module hex_digits_pio
Progress: Adding jtag_uart_0 [altera_avalon_jtag_uart 18.1]
Progress: Parameterizing module jtag_uart_0
Progress: Adding key [altera_avalon_pio 18.1]
Progress: Parameterizing module key
Progress: Adding keycode [altera_avalon_pio 18.1]
Progress: Parameterizing module keycode
Progress: Adding leds_pio [altera_avalon_pio 18.1]
Progress: Parameterizing module leds_pio
Progress: Adding nios2_gen2_0 [altera_nios2_gen2 18.1]
Progress: Parameterizing module nios2_gen2_0
Progress: Adding onchip_memory2_0 [altera_avalon_onchip_memory2 18.1]
Progress: Parameterizing module onchip_memory2_0
Progress: Adding run [altera_avalon_pio 18.1]
Progress: Parameterizing module run
Progress: Adding sdram [altera_avalon_new_sdram_controller 18.1]
Progress: Parameterizing module sdram
Progress: Adding sdram_pull [altpll 18.1]
Progress: Parameterizing module sdram_pull
Progress: Adding spi0 [altera_avalon_spi 18.1]
Progress: Parameterizing module spi0
Progress: Adding sysid_qsys [altera_avalon_sysid_qsys 18.1]
Progress: Parameterizing module sysid_qsys
Progress: Adding timer_0 [altera_avalon_timer 18.1]
Progress: Parameterizing module timer_0
Progress: Adding usb_gpx [altera_avalon_pio 18.1]
Progress: Parameterizing module usb_gpx
Progress: Adding usb_irq [altera_avalon_pio 18.1]
Progress: Parameterizing module usb_irq
Progress: Adding usb_rst [altera_avalon_pio 18.1]
Progress: Parameterizing module usb_rst
Progress: Building connections
Progress: Parameterizing connections
Progress: Validating
Progress: Done reading input file
Info: lab62_soc.jtag_uart_0: JTAG UART IP input clock need to be at least double (2x) the operating frequency of JTAG TCK on board
Info: lab62_soc.key: PIO inputs are not hardwired in test bench. Undefined values will be read from PIO inputs during simulation.
Info: lab62_soc.run: PIO inputs are not hardwired in test bench. Undefined values will be read from PIO inputs during simulation.
Info: lab62_soc.sdram: SDRAM Controller will only be supported in Quartus Prime Standard Edition in the future release.
Info: lab62_soc.sysid_qsys: System ID is not assigned automatically. Edit the System ID parameter to provide a unique ID
Info: lab62_soc.sysid_qsys: Time stamp will be automatically updated when this component is generated.
Info: lab62_soc.usb_gpx: PIO inputs are not hardwired in test bench. Undefined values will be read from PIO inputs during simulation.
Info: lab62_soc.usb_irq: PIO inputs are not hardwired in test bench. Undefined values will be read from PIO inputs during simulation.
Info: qsys-generate succeeded.
Info: Finished: Create block symbol file (.bsf)
Info: 
Info: Starting: Create HDL design files for synthesis
Info: qsys-generate C:\Users\sutanto4\Desktop\ECE385\Lab7\lab62_soc.qsys --synthesis=VERILOG --output-directory=C:\Users\sutanto4\Desktop\ECE385\Lab7\lab62_soc\synthesis --family="MAX 10" --part=10M50DAF484C7G
Progress: Loading Lab7/lab62_soc.qsys
Progress: Reading input file
Progress: Adding VGA_text_mode_controller_0 [VGA_text_mode_controller 1.0]
Progress: Parameterizing module VGA_text_mode_controller_0
Progress: Adding clk_0 [clock_source 18.1]
Progress: Parameterizing module clk_0
Progress: Adding hex_digits_pio [altera_avalon_pio 18.1]
Progress: Parameterizing module hex_digits_pio
Progress: Adding jtag_uart_0 [altera_avalon_jtag_uart 18.1]
Progress: Parameterizing module jtag_uart_0
Progress: Adding key [altera_avalon_pio 18.1]
Progress: Parameterizing module key
Progress: Adding keycode [altera_avalon_pio 18.1]
Progress: Parameterizing module keycode
Progress: Adding leds_pio [altera_avalon_pio 18.1]
Progress: Parameterizing module leds_pio
Progress: Adding nios2_gen2_0 [altera_nios2_gen2 18.1]
Progress: Parameterizing module nios2_gen2_0
Progress: Adding onchip_memory2_0 [altera_avalon_onchip_memory2 18.1]
Progress: Parameterizing module onchip_memory2_0
Progress: Adding run [altera_avalon_pio 18.1]
Progress: Parameterizing module run
Progress: Adding sdram [altera_avalon_new_sdram_controller 18.1]
Progress: Parameterizing module sdram
Progress: Adding sdram_pull [altpll 18.1]
Progress: Parameterizing module sdram_pull
Progress: Adding spi0 [altera_avalon_spi 18.1]
Progress: Parameterizing module spi0
Progress: Adding sysid_qsys [altera_avalon_sysid_qsys 18.1]
Progress: Parameterizing module sysid_qsys
Progress: Adding timer_0 [altera_avalon_timer 18.1]
Progress: Parameterizing module timer_0
Progress: Adding usb_gpx [altera_avalon_pio 18.1]
Progress: Parameterizing module usb_gpx
Progress: Adding usb_irq [altera_avalon_pio 18.1]
Progress: Parameterizing module usb_irq
Progress: Adding usb_rst [altera_avalon_pio 18.1]
Progress: Parameterizing module usb_rst
Progress: Building connections
Progress: Parameterizing connections
Progress: Validating
Progress: Done reading input file
Info: lab62_soc.jtag_uart_0: JTAG UART IP input clock need to be at least double (2x) the operating frequency of JTAG TCK on board
Info: lab62_soc.key: PIO inputs are not hardwired in test bench. Undefined values will be read from PIO inputs during simulation.
Info: lab62_soc.run: PIO inputs are not hardwired in test bench. Undefined values will be read from PIO inputs during simulation.
Info: lab62_soc.sdram: SDRAM Controller will only be supported in Quartus Prime Standard Edition in the future release.
Info: lab62_soc.sysid_qsys: System ID is not assigned automatically. Edit the System ID parameter to provide a unique ID
Info: lab62_soc.sysid_qsys: Time stamp will be automatically updated when this component is generated.
Info: lab62_soc.usb_gpx: PIO inputs are not hardwired in test bench. Undefined values will be read from PIO inputs during simulation.
Info: lab62_soc.usb_irq: PIO inputs are not hardwired in test bench. Undefined values will be read from PIO inputs during simulation.
Info: lab62_soc: Generating lab62_soc "lab62_soc" for QUARTUS_SYNTH
Info: Inserting clock-crossing logic between cmd_demux.src6 and cmd_mux_006.sink0
Info: Inserting clock-crossing logic between cmd_demux_001.src5 and cmd_mux_006.sink1
Info: Inserting clock-crossing logic between rsp_demux_006.src0 and rsp_mux.sink6
Info: Inserting clock-crossing logic between rsp_demux_006.src1 and rsp_mux_001.sink5
Info: VGA_text_mode_controller_0: "lab62_soc" instantiated VGA_text_mode_controller "VGA_text_mode_controller_0"
Info: hex_digits_pio: Starting RTL generation for module 'lab62_soc_hex_digits_pio'
Info: hex_digits_pio:   Generation command is [exec C:/intelfpga_lite/18.1/quartus/bin64/perl/bin/perl.exe -I C:/intelfpga_lite/18.1/quartus/bin64/perl/lib -I C:/intelfpga_lite/18.1/quartus/sopc_builder/bin/europa -I C:/intelfpga_lite/18.1/quartus/sopc_builder/bin/perl_lib -I C:/intelfpga_lite/18.1/quartus/sopc_builder/bin -I C:/intelfpga_lite/18.1/quartus/../ip/altera/sopc_builder_ip/common -I C:/intelfpga_lite/18.1/quartus/../ip/altera/sopc_builder_ip/altera_avalon_pio -- C:/intelfpga_lite/18.1/quartus/../ip/altera/sopc_builder_ip/altera_avalon_pio/generate_rtl.pl --name=lab62_soc_hex_digits_pio --dir=C:/Users/sutanto4/AppData/Local/Temp/alt9445_3274890018482497588.dir/0056_hex_digits_pio_gen/ --quartus_dir=C:/intelfpga_lite/18.1/quartus --verilog --config=C:/Users/sutanto4/AppData/Local/Temp/alt9445_3274890018482497588.dir/0056_hex_digits_pio_gen//lab62_soc_hex_digits_pio_component_configuration.pl  --do_build_sim=0  ]
Info: hex_digits_pio: Done RTL generation for module 'lab62_soc_hex_digits_pio'
Info: hex_digits_pio: "lab62_soc" instantiated altera_avalon_pio "hex_digits_pio"
Info: jtag_uart_0: Starting RTL generation for module 'lab62_soc_jtag_uart_0'
Info: jtag_uart_0:   Generation command is [exec C:/intelfpga_lite/18.1/quartus/bin64/perl/bin/perl.exe -I C:/intelfpga_lite/18.1/quartus/bin64/perl/lib -I C:/intelfpga_lite/18.1/quartus/sopc_builder/bin/europa -I C:/intelfpga_lite/18.1/quartus/sopc_builder/bin/perl_lib -I C:/intelfpga_lite/18.1/quartus/sopc_builder/bin -I C:/intelfpga_lite/18.1/quartus/../ip/altera/sopc_builder_ip/common -I C:/intelfpga_lite/18.1/quartus/../ip/altera/sopc_builder_ip/altera_avalon_jtag_uart -- C:/intelfpga_lite/18.1/quartus/../ip/altera/sopc_builder_ip/altera_avalon_jtag_uart/generate_rtl.pl --name=lab62_soc_jtag_uart_0 --dir=C:/Users/sutanto4/AppData/Local/Temp/alt9445_3274890018482497588.dir/0057_jtag_uart_0_gen/ --quartus_dir=C:/intelfpga_lite/18.1/quartus --verilog --config=C:/Users/sutanto4/AppData/Local/Temp/alt9445_3274890018482497588.dir/0057_jtag_uart_0_gen//lab62_soc_jtag_uart_0_component_configuration.pl  --do_build_sim=0  ]
Info: jtag_uart_0: Done RTL generation for module 'lab62_soc_jtag_uart_0'
Info: jtag_uart_0: "lab62_soc" instantiated altera_avalon_jtag_uart "jtag_uart_0"
Info: key: Starting RTL generation for module 'lab62_soc_key'
Info: key:   Generation command is [exec C:/intelfpga_lite/18.1/quartus/bin64/perl/bin/perl.exe -I C:/intelfpga_lite/18.1/quartus/bin64/perl/lib -I C:/intelfpga_lite/18.1/quartus/sopc_builder/bin/europa -I C:/intelfpga_lite/18.1/quartus/sopc_builder/bin/perl_lib -I C:/intelfpga_lite/18.1/quartus/sopc_builder/bin -I C:/intelfpga_lite/18.1/quartus/../ip/altera/sopc_builder_ip/common -I C:/intelfpga_lite/18.1/quartus/../ip/altera/sopc_builder_ip/altera_avalon_pio -- C:/intelfpga_lite/18.1/quartus/../ip/altera/sopc_builder_ip/altera_avalon_pio/generate_rtl.pl --name=lab62_soc_key --dir=C:/Users/sutanto4/AppData/Local/Temp/alt9445_3274890018482497588.dir/0058_key_gen/ --quartus_dir=C:/intelfpga_lite/18.1/quartus --verilog --config=C:/Users/sutanto4/AppData/Local/Temp/alt9445_3274890018482497588.dir/0058_key_gen//lab62_soc_key_component_configuration.pl  --do_build_sim=0  ]
Info: key: Done RTL generation for module 'lab62_soc_key'
Info: key: "lab62_soc" instantiated altera_avalon_pio "key"
Info: keycode: Starting RTL generation for module 'lab62_soc_keycode'
Info: keycode:   Generation command is [exec C:/intelfpga_lite/18.1/quartus/bin64/perl/bin/perl.exe -I C:/intelfpga_lite/18.1/quartus/bin64/perl/lib -I C:/intelfpga_lite/18.1/quartus/sopc_builder/bin/europa -I C:/intelfpga_lite/18.1/quartus/sopc_builder/bin/perl_lib -I C:/intelfpga_lite/18.1/quartus/sopc_builder/bin -I C:/intelfpga_lite/18.1/quartus/../ip/altera/sopc_builder_ip/common -I C:/intelfpga_lite/18.1/quartus/../ip/altera/sopc_builder_ip/altera_avalon_pio -- C:/intelfpga_lite/18.1/quartus/../ip/altera/sopc_builder_ip/altera_avalon_pio/generate_rtl.pl --name=lab62_soc_keycode --dir=C:/Users/sutanto4/AppData/Local/Temp/alt9445_3274890018482497588.dir/0059_keycode_gen/ --quartus_dir=C:/intelfpga_lite/18.1/quartus --verilog --config=C:/Users/sutanto4/AppData/Local/Temp/alt9445_3274890018482497588.dir/0059_keycode_gen//lab62_soc_keycode_component_configuration.pl  --do_build_sim=0  ]
Info: keycode: Done RTL generation for module 'lab62_soc_keycode'
Info: keycode: "lab62_soc" instantiated altera_avalon_pio "keycode"
Info: leds_pio: Starting RTL generation for module 'lab62_soc_leds_pio'
Info: leds_pio:   Generation command is [exec C:/intelfpga_lite/18.1/quartus/bin64/perl/bin/perl.exe -I C:/intelfpga_lite/18.1/quartus/bin64/perl/lib -I C:/intelfpga_lite/18.1/quartus/sopc_builder/bin/europa -I C:/intelfpga_lite/18.1/quartus/sopc_builder/bin/perl_lib -I C:/intelfpga_lite/18.1/quartus/sopc_builder/bin -I C:/intelfpga_lite/18.1/quartus/../ip/altera/sopc_builder_ip/common -I C:/intelfpga_lite/18.1/quartus/../ip/altera/sopc_builder_ip/altera_avalon_pio -- C:/intelfpga_lite/18.1/quartus/../ip/altera/sopc_builder_ip/altera_avalon_pio/generate_rtl.pl --name=lab62_soc_leds_pio --dir=C:/Users/sutanto4/AppData/Local/Temp/alt9445_3274890018482497588.dir/0060_leds_pio_gen/ --quartus_dir=C:/intelfpga_lite/18.1/quartus --verilog --config=C:/Users/sutanto4/AppData/Local/Temp/alt9445_3274890018482497588.dir/0060_leds_pio_gen//lab62_soc_leds_pio_component_configuration.pl  --do_build_sim=0  ]
Info: leds_pio: Done RTL generation for module 'lab62_soc_leds_pio'
Info: leds_pio: "lab62_soc" instantiated altera_avalon_pio "leds_pio"
Info: nios2_gen2_0: "lab62_soc" instantiated altera_nios2_gen2 "nios2_gen2_0"
Info: onchip_memory2_0: Starting RTL generation for module 'lab62_soc_onchip_memory2_0'
Info: onchip_memory2_0:   Generation command is [exec C:/intelfpga_lite/18.1/quartus/bin64/perl/bin/perl.exe -I C:/intelfpga_lite/18.1/quartus/bin64/perl/lib -I C:/intelfpga_lite/18.1/quartus/sopc_builder/bin/europa -I C:/intelfpga_lite/18.1/quartus/sopc_builder/bin/perl_lib -I C:/intelfpga_lite/18.1/quartus/sopc_builder/bin -I C:/intelfpga_lite/18.1/quartus/../ip/altera/sopc_builder_ip/common -I C:/intelfpga_lite/18.1/quartus/../ip/altera/sopc_builder_ip/altera_avalon_onchip_memory2 -- C:/intelfpga_lite/18.1/quartus/../ip/altera/sopc_builder_ip/altera_avalon_onchip_memory2/generate_rtl.pl --name=lab62_soc_onchip_memory2_0 --dir=C:/Users/sutanto4/AppData/Local/Temp/alt9445_3274890018482497588.dir/0061_onchip_memory2_0_gen/ --quartus_dir=C:/intelfpga_lite/18.1/quartus --verilog --config=C:/Users/sutanto4/AppData/Local/Temp/alt9445_3274890018482497588.dir/0061_onchip_memory2_0_gen//lab62_soc_onchip_memory2_0_component_configuration.pl  --do_build_sim=0  ]
Info: onchip_memory2_0: Done RTL generation for module 'lab62_soc_onchip_memory2_0'
Info: onchip_memory2_0: "lab62_soc" instantiated altera_avalon_onchip_memory2 "onchip_memory2_0"
Info: run: Starting RTL generation for module 'lab62_soc_run'
Info: run:   Generation command is [exec C:/intelfpga_lite/18.1/quartus/bin64/perl/bin/perl.exe -I C:/intelfpga_lite/18.1/quartus/bin64/perl/lib -I C:/intelfpga_lite/18.1/quartus/sopc_builder/bin/europa -I C:/intelfpga_lite/18.1/quartus/sopc_builder/bin/perl_lib -I C:/intelfpga_lite/18.1/quartus/sopc_builder/bin -I C:/intelfpga_lite/18.1/quartus/../ip/altera/sopc_builder_ip/common -I C:/intelfpga_lite/18.1/quartus/../ip/altera/sopc_builder_ip/altera_avalon_pio -- C:/intelfpga_lite/18.1/quartus/../ip/altera/sopc_builder_ip/altera_avalon_pio/generate_rtl.pl --name=lab62_soc_run --dir=C:/Users/sutanto4/AppData/Local/Temp/alt9445_3274890018482497588.dir/0062_run_gen/ --quartus_dir=C:/intelfpga_lite/18.1/quartus --verilog --config=C:/Users/sutanto4/AppData/Local/Temp/alt9445_3274890018482497588.dir/0062_run_gen//lab62_soc_run_component_configuration.pl  --do_build_sim=0  ]
Info: run: Done RTL generation for module 'lab62_soc_run'
Info: run: "lab62_soc" instantiated altera_avalon_pio "run"
Error: Generation stopped, 14 or more modules remaining
Info: lab62_soc: Done "lab62_soc" with 20 modules, 13 files
Error: qsys-generate failed with exit code 1: 1 Error, 0 Warnings
Info: Stopping: Create HDL design files for synthesis
