21:41:50 **** Incremental Build of configuration Nios II for project finalproject2 ****
make all 
Info: Building ../finalproject2_bsp/
C:/intelFPGA_lite/18.1/nios2eds/bin/gnu/H-x86_64-mingw32/bin/make --no-print-directory -C ../finalproject2_bsp/
[BSP build complete]
Info: Compiling main.c to obj/default/main.o
nios2-elf-gcc -xc -MP -MMD -c -I../finalproject2_bsp//HAL/inc -I../finalproject2_bsp/ -I../finalproject2_bsp//drivers/inc  -pipe -D__hal__ -DALT_NO_INSTRUCTION_EMULATION -DALT_SINGLE_THREADED    -O0 -g -Wall   -mno-hw-div -mno-hw-mul -mno-hw-mulx -mgpopt=global  -o obj/default/main.o main.c
main.c: In function 'main':
main.c:34:3: warning: implicit declaration of function 'usleep' [-Wimplicit-function-declaration]
   usleep(10000);
   ^
Info: Linking finalproject2.elf
nios2-elf-g++  -T'../finalproject2_bsp//linker.x' -msys-crt0='../finalproject2_bsp//obj/HAL/src/crt0.o' -msys-lib=hal_bsp -L../finalproject2_bsp/   -Wl,-Map=finalproject2.map   -O0 -g -Wall   -mno-hw-div -mno-hw-mul -mno-hw-mulx -mgpopt=global  -o finalproject2.elf obj/default/main.o -lm -msys-lib=m
nios2-elf-insert finalproject2.elf --thread_model hal --cpu_name nios2_gen2_0 --qsys true --simulation_enabled false --id 0 --sidp 0x200 --timestamp 1682563078 --stderr_dev jtag_uart_0 --stdin_dev jtag_uart_0 --stdout_dev jtag_uart_0 --sopc_system_name lab71_soc --quartus_project_dir "C:/Users/sutanto4/Desktop/ECE385/FinalProject" --jdi ../..//output_files/lab62.jdi --sopcinfo C:/Users/sutanto4/Desktop/ECE385/FinalProject/software/finalproject2_bsp/../../lab71_soc.sopcinfo
Info: (finalproject2.elf) 29 KBytes program size (code + initialized data).
Info:                     65499 KBytes free for stack + heap.
Info: Creating finalproject2.objdump
nios2-elf-objdump --disassemble --syms --all-header --source finalproject2.elf >finalproject2.objdump
[finalproject2 build complete]

21:41:52 Build Finished (took 1s.845ms)

